2025-12-29T03:36:15.885-05:00  WARN 29627 --- [HikariPool-1:housekeeper] com.zaxxer.hikari.pool.HikariPool        : HikariPool-1 - Thread starvation or clock leap detected (housekeeper delta=54s901ms).
2025-12-29T03:39:51.711-05:00  WARN 29627 --- [HikariPool-1:housekeeper] com.zaxxer.hikari.pool.HikariPool        : HikariPool-1 - Thread starvation or clock leap detected (housekeeper delta=3m35s826ms).
2025-12-29T03:56:18.621-05:00  WARN 29627 --- [HikariPool-1:housekeeper] com.zaxxer.hikari.pool.HikariPool        : HikariPool-1 - Thread starvation or clock leap detected (housekeeper delta=15m56s903ms).
2025-12-29T04:12:34.123-05:00  WARN 29627 --- [HikariPool-1:housekeeper] com.zaxxer.hikari.pool.HikariPool        : HikariPool-1 - Thread starvation or clock leap detected (housekeeper delta=15m45s488ms).
2025-12-29T04:29:21.045-05:00  WARN 29627 --- [HikariPool-1:housekeeper] com.zaxxer.hikari.pool.HikariPool        : HikariPool-1 - Thread starvation or clock leap detected (housekeeper delta=16m46s922ms).
2025-12-29T04:45:46.957-05:00  WARN 29627 --- [HikariPool-1:housekeeper] com.zaxxer.hikari.pool.HikariPool        : HikariPool-1 - Thread starvation or clock leap detected (housekeeper delta=15m55s914ms).
2025-12-29T05:01:56.939-05:00  WARN 29627 --- [HikariPool-1:housekeeper] com.zaxxer.hikari.pool.HikariPool        : HikariPool-1 - Thread starvation or clock leap detected (housekeeper delta=15m39s964ms).
2025-12-29T05:07:22.516-05:00  WARN 29627 --- [HikariPool-1:housekeeper] com.zaxxer.hikari.pool.HikariPool        : HikariPool-1 - Thread starvation or clock leap detected (housekeeper delta=4m55s563ms).
2025-12-29T05:24:22.930-05:00  WARN 29627 --- [HikariPool-1:housekeeper] com.zaxxer.hikari.pool.HikariPool        : HikariPool-1 - Thread starvation or clock leap detected (housekeeper delta=17m414ms).
2025-12-29T05:36:34.872-05:00  WARN 29627 --- [HikariPool-1:housekeeper] com.zaxxer.hikari.pool.HikariPool        : HikariPool-1 - Thread starvation or clock leap detected (housekeeper delta=11m41s956ms).
2025-12-29T05:52:24.885-05:00  WARN 29627 --- [HikariPool-1:housekeeper] com.zaxxer.hikari.pool.HikariPool        : HikariPool-1 - Thread starvation or clock leap detected (housekeeper delta=15m50s13ms).
2025-12-29T06:09:43.885-05:00  WARN 29627 --- [HikariPool-1:housekeeper] com.zaxxer.hikari.pool.HikariPool        : HikariPool-1 - Thread starvation or clock leap detected (housekeeper delta=16m48s961ms).
2025-12-29T06:17:36.495-05:00  WARN 29627 --- [HikariPool-1:housekeeper] com.zaxxer.hikari.pool.HikariPool        : HikariPool-1 - Thread starvation or clock leap detected (housekeeper delta=7m22s604ms).
2025-12-29T06:33:51.525-05:00  WARN 29627 --- [HikariPool-1:housekeeper] com.zaxxer.hikari.pool.HikariPool        : HikariPool-1 - Thread starvation or clock leap detected (housekeeper delta=16m15s30ms).
2025-12-29T06:37:39.483-05:00  WARN 29627 --- [HikariPool-1:housekeeper] com.zaxxer.hikari.pool.HikariPool        : HikariPool-1 - Thread starvation or clock leap detected (housekeeper delta=3m17s964ms).
2025-12-29T06:53:23.393-05:00  WARN 29627 --- [HikariPool-1:housekeeper] com.zaxxer.hikari.pool.HikariPool        : HikariPool-1 - Thread starvation or clock leap detected (housekeeper delta=15m43s910ms).
2025-12-29T07:00:25.130-05:00  WARN 29627 --- [HikariPool-1:housekeeper] com.zaxxer.hikari.pool.HikariPool        : HikariPool-1 - Thread starvation or clock leap detected (housekeeper delta=6m31s713ms).
2025-12-29T07:17:37.714-05:00  WARN 29627 --- [HikariPool-1:housekeeper] com.zaxxer.hikari.pool.HikariPool        : HikariPool-1 - Thread starvation or clock leap detected (housekeeper delta=16m42s573ms).
2025-12-29T07:19:02.570-05:00  WARN 29627 --- [HikariPool-1:housekeeper] com.zaxxer.hikari.pool.HikariPool        : HikariPool-1 - Thread starvation or clock leap detected (housekeeper delta=54s856ms).
2025-12-29T07:34:32.433-05:00  WARN 29627 --- [HikariPool-1:housekeeper] com.zaxxer.hikari.pool.HikariPool        : HikariPool-1 - Thread starvation or clock leap detected (housekeeper delta=15m29s864ms).
2025-12-29T07:38:40.519-05:00  WARN 29627 --- [HikariPool-1:housekeeper] com.zaxxer.hikari.pool.HikariPool        : HikariPool-1 - Thread starvation or clock leap detected (housekeeper delta=3m38s80ms).
2025-12-29T07:42:20.818-05:00  WARN 29627 --- [HikariPool-1:housekeeper] com.zaxxer.hikari.pool.HikariPool        : HikariPool-1 - Thread starvation or clock leap detected (housekeeper delta=3m40s299ms).
2025-12-29T07:59:53.029-05:00  WARN 29627 --- [HikariPool-1:housekeeper] com.zaxxer.hikari.pool.HikariPool        : HikariPool-1 - Thread starvation or clock leap detected (housekeeper delta=17m2s202ms).
2025-12-29T08:05:25.649-05:00  WARN 29627 --- [HikariPool-1:housekeeper] com.zaxxer.hikari.pool.HikariPool        : HikariPool-1 - Thread starvation or clock leap detected (housekeeper delta=5m2s614ms).
2025-12-29T08:23:42.577-05:00  WARN 29627 --- [HikariPool-1:housekeeper] com.zaxxer.hikari.pool.HikariPool        : HikariPool-1 - Thread starvation or clock leap detected (housekeeper delta=17m46s920ms).
2025-12-29T08:39:27.487-05:00  WARN 29627 --- [HikariPool-1:housekeeper] com.zaxxer.hikari.pool.HikariPool        : HikariPool-1 - Thread starvation or clock leap detected (housekeeper delta=15m44s910ms).
2025-12-29T08:45:26.438-05:00  WARN 29627 --- [HikariPool-1:housekeeper] com.zaxxer.hikari.pool.HikariPool        : HikariPool-1 - Thread starvation or clock leap detected (housekeeper delta=5m28s943ms).
2025-12-29T08:53:47.613-05:00  WARN 29627 --- [HikariPool-1:housekeeper] com.zaxxer.hikari.pool.HikariPool        : HikariPool-1 - Thread starvation or clock leap detected (housekeeper delta=8m21s176ms).
2025-12-29T09:10:34.806-05:00  WARN 29627 --- [HikariPool-1:housekeeper] com.zaxxer.hikari.pool.HikariPool        : HikariPool-1 - Thread starvation or clock leap detected (housekeeper delta=16m17s187ms).
2025-12-29T09:19:37.849-05:00  WARN 29627 --- [HikariPool-1:housekeeper] com.zaxxer.hikari.pool.HikariPool        : HikariPool-1 - Thread starvation or clock leap detected (housekeeper delta=8m33s10ms).
2025-12-29T09:37:11.315-05:00  WARN 29627 --- [HikariPool-1:housekeeper] com.zaxxer.hikari.pool.HikariPool        : HikariPool-1 - Thread starvation or clock leap detected (housekeeper delta=17m33s467ms).
2025-12-29T09:40:22.861-05:00  WARN 29627 --- [HikariPool-1:housekeeper] com.zaxxer.hikari.pool.HikariPool        : HikariPool-1 - Thread starvation or clock leap detected (housekeeper delta=2m41s553ms).
2025-12-29T09:48:31.254-05:00  WARN 29627 --- [HikariPool-1:housekeeper] com.zaxxer.hikari.pool.HikariPool        : HikariPool-1 - Thread starvation or clock leap detected (housekeeper delta=6m8s362ms).
2025-12-29T11:20:35.144-05:00  INFO 29627 --- [SpringApplicationShutdownHook] o.s.b.w.e.tomcat.GracefulShutdown        : Commencing graceful shutdown. Waiting for active requests to complete
2025-12-29T11:20:35.154-05:00  INFO 29627 --- [tomcat-shutdown] o.s.b.w.e.tomcat.GracefulShutdown        : Graceful shutdown complete
2025-12-29T11:20:35.158-05:00  INFO 29627 --- [SpringApplicationShutdownHook] j.LocalContainerEntityManagerFactoryBean : Closing JPA EntityManagerFactory for persistence unit 'default'
2025-12-29T11:20:35.163-05:00  INFO 29627 --- [SpringApplicationShutdownHook] com.zaxxer.hikari.HikariDataSource       : HikariPool-1 - Shutdown initiated...
2025-12-29T11:20:35.164-05:00  INFO 29627 --- [SpringApplicationShutdownHook] com.zaxxer.hikari.HikariDataSource       : HikariPool-1 - Shutdown completed.
2026-01-05T10:29:45.107-05:00  INFO 28820 --- [main] com.ops.ICmaps.ICmapsApplicationTests    : Starting ICmapsApplicationTests using Java 25.0.1 with PID 28820 (started by ymohod in C:\Users\ymohod\OneDrive - Ithaca College\Desktop\DEV\ICmaps\ICmaps)
2026-01-05T10:29:45.109-05:00  INFO 28820 --- [main] com.ops.ICmaps.ICmapsApplicationTests    : No active profile set, falling back to 1 default profile: "default"
2026-01-05T10:29:46.762-05:00  INFO 28820 --- [main] .s.d.r.c.RepositoryConfigurationDelegate : Bootstrapping Spring Data JPA repositories in DEFAULT mode.
2026-01-05T10:29:46.912-05:00  INFO 28820 --- [main] .s.d.r.c.RepositoryConfigurationDelegate : Finished Spring Data repository scanning in 133 ms. Found 5 JPA repository interfaces.
2026-01-05T10:29:47.653-05:00  INFO 28820 --- [main] o.hibernate.jpa.internal.util.LogHelper  : HHH000204: Processing PersistenceUnitInfo [name: default]
2026-01-05T10:29:47.874-05:00  INFO 28820 --- [main] org.hibernate.Version                    : HHH000412: Hibernate ORM core version 6.6.33.Final
2026-01-05T10:29:47.980-05:00  INFO 28820 --- [main] o.h.c.internal.RegionFactoryInitiator    : HHH000026: Second-level cache disabled
2026-01-05T10:29:48.993-05:00  INFO 28820 --- [main] o.s.o.j.p.SpringPersistenceUnitInfo      : No LoadTimeWeaver setup: ignoring JPA class transformer
2026-01-05T10:29:49.138-05:00  INFO 28820 --- [main] com.zaxxer.hikari.HikariDataSource       : HikariPool-1 - Starting...
2026-01-05T10:29:49.453-05:00  INFO 28820 --- [main] com.zaxxer.hikari.pool.HikariPool        : HikariPool-1 - Added connection org.sqlite.jdbc4.JDBC4Connection@70c56434
2026-01-05T10:29:49.458-05:00  INFO 28820 --- [main] com.zaxxer.hikari.HikariDataSource       : HikariPool-1 - Start completed.
2026-01-05T10:29:49.605-05:00  INFO 28820 --- [main] org.hibernate.orm.connections.pooling    : HHH10001005: Database info:
	Database JDBC URL [Connecting through datasource 'HikariDataSource (HikariPool-1)']
	Database driver: undefined/unknown
	Database version: 3.49.1
	Autocommit mode: undefined/unknown
	Isolation level: undefined/unknown
	Minimum pool size: undefined/unknown
	Maximum pool size: undefined/unknown
2026-01-05T10:29:51.385-05:00  INFO 28820 --- [main] o.h.e.t.j.p.i.JtaPlatformInitiator       : HHH000489: No JTA platform available (set 'hibernate.transaction.jta.platform' to enable JTA platform integration)
2026-01-05T10:29:51.491-05:00  INFO 28820 --- [main] j.LocalContainerEntityManagerFactoryBean : Initialized JPA EntityManagerFactory for persistence unit 'default'
2026-01-05T10:29:52.407-05:00  INFO 28820 --- [main] o.s.d.j.r.query.QueryEnhancerFactory     : Hibernate is in classpath; If applicable, HQL parser will be used.
2026-01-05T10:29:54.191-05:00  WARN 28820 --- [main] JpaBaseConfiguration$JpaWebConfiguration : spring.jpa.open-in-view is enabled by default. Therefore, database queries may be performed during view rendering. Explicitly configure spring.jpa.open-in-view to disable this warning
2026-01-05T10:29:56.311-05:00  INFO 28820 --- [main] o.s.b.a.e.web.EndpointLinksResolver      : Exposing 1 endpoint beneath base path '/actuator'
2026-01-05T10:29:56.585-05:00  INFO 28820 --- [main] com.ops.ICmaps.ICmapsApplicationTests    : Started ICmapsApplicationTests in 11.99 seconds (process running for 13.725)
2026-01-05T10:30:01.126-05:00  INFO 28820 --- [main] com.ops.ICmaps.LoadDatabase              : Ran - Preloading data from phaseOne.json
2026-01-05T10:30:03.105-05:00  INFO 28820 --- [SpringApplicationShutdownHook] j.LocalContainerEntityManagerFactoryBean : Closing JPA EntityManagerFactory for persistence unit 'default'
2026-01-05T10:30:03.114-05:00  INFO 28820 --- [SpringApplicationShutdownHook] com.zaxxer.hikari.HikariDataSource       : HikariPool-1 - Shutdown initiated...
2026-01-05T10:30:03.123-05:00  INFO 28820 --- [SpringApplicationShutdownHook] com.zaxxer.hikari.HikariDataSource       : HikariPool-1 - Shutdown completed.
